<?xml version="1.0" encoding="UTF-8"?>
<!-- Generated by org.testng.reporters.JUnitReportReporter -->
<testsuite hostname="DESKTOP-38FAHB1" failures="0" tests="4" name="com.medicare.qa.testcases.UserLoginHomeTest" time="73.632" errors="0" timestamp="2021-05-10T23:56:33 IST" skipped="0">
  <testcase classname="com.medicare.qa.testcases.UserLoginHomeTest" name="verifyHomePageTitleTest" time="20.226"/>
  <system-out/>
  <testcase classname="com.medicare.qa.testcases.UserLoginHomeTest" name="verifyAboutLink" time="15.712"/>
  <system-out/>
  <testcase classname="com.medicare.qa.testcases.UserLoginHomeTest" name="verifyContactLink" time="15.902"/>
  <system-out/>
  <testcase classname="com.medicare.qa.testcases.UserLoginHomeTest" name="verifyViewProductsAllLink" time="21.792"/>
  <system-out/>
</testsuite> <!-- com.medicare.qa.testcases.UserLoginHomeTest -->
