<?xml version="1.0" encoding="UTF-8"?>
<!-- Generated by org.testng.reporters.JUnitReportReporter -->
<testsuite hostname="DESKTOP-38FAHB1" failures="0" tests="2" name="com.medicare.qa.testcases.ViewProductsPageTest" time="64.646" errors="0" timestamp="2021-05-10T23:56:33 IST" skipped="0">
  <testcase classname="com.medicare.qa.testcases.ViewProductsPageTest" name="verifyViewProductsPageTest" time="29.952"/>
  <system-out/>
  <testcase classname="com.medicare.qa.testcases.ViewProductsPageTest" name="selectRecordoptions" time="34.694"/>
  <system-out/>
</testsuite> <!-- com.medicare.qa.testcases.ViewProductsPageTest -->
