<?xml version="1.0" encoding="UTF-8"?>
<!-- Generated by org.testng.reporters.JUnitReportReporter -->
<testsuite hostname="DESKTOP-38FAHB1" failures="0" tests="1" name="com.medicare.qa.testcases.AboutPageTest" time="44.554" errors="0" timestamp="13 May 2021 19:40:16 GMT" skipped="0">
  <testcase classname="com.medicare.qa.testcases.AboutPageTest" name="verifyAboutPageTest" time="44.554"/>
</testsuite> <!-- com.medicare.qa.testcases.AboutPageTest -->
