<?xml version="1.0" encoding="UTF-8"?>
<!-- Generated by org.testng.reporters.JUnitReportReporter -->
<testsuite hostname="DESKTOP-38FAHB1" failures="0" tests="1" name="tests.FirstPostRequestClass" time="9.664" errors="0" timestamp="07 Dec 2020 20:20:52 GMT" skipped="0">
  <testcase classname="tests.FirstPostRequestClass" name="createPostPMethod" time="9.664"/>
</testsuite> <!-- tests.FirstPostRequestClass -->
