<?xml version="1.0" encoding="UTF-8"?>
<!-- Generated by org.testng.reporters.JUnitReportReporter -->
<testsuite hostname="DESKTOP-38FAHB1" failures="0" tests="1" name="log.BaseClass" time="0.183" errors="0" timestamp="06 Dec 2020 07:41:23 GMT" skipped="0">
  <testcase classname="log.BaseClass" name="firstLogMethod" time="0.183"/>
</testsuite> <!-- log.BaseClass -->
